<?xml version="1.0" encoding="UTF-8"?>
<!-- Generated by org.testng.reporters.JUnitXMLReporter -->
<testsuite hostname="LAPTOP-7NC8C0E5" ignored="0" name="Default test" tests="4" failures="0" timestamp="13 Oct 2019 08:49:01 GMT" time="18.402" errors="0">
  <testcase name="createNewcategory" time="12.186" classname="com.tests.categoriesAPITest"/>
  <testcase name="getNewCategory" time="0.271" classname="com.tests.categoriesAPITest"/>
  <testcase name="updateNewCategory" time="0.364" classname="com.tests.categoriesAPITest"/>
  <testcase name="deleteNewProduct" time="5.452" classname="com.tests.categoriesAPITest"/>
</testsuite> <!-- Default test -->
