<?xml version="1.0" encoding="UTF-8"?>
<!-- Generated by org.testng.reporters.JUnitXMLReporter -->
<testsuite hostname="LAPTOP-7NC8C0E5" ignored="0" name="Test" tests="4" failures="0" timestamp="13 Oct 2019 09:18:58 GMT" time="12.744" errors="0">
  <testcase name="createNewcategory" time="10.143" classname="com.tests.categoriesAPITest"/>
  <testcase name="getNewCategory" time="0.28" classname="com.tests.categoriesAPITest"/>
  <testcase name="updateNewCategory" time="0.23" classname="com.tests.categoriesAPITest"/>
  <testcase name="deleteNewProduct" time="1.965" classname="com.tests.categoriesAPITest"/>
</testsuite> <!-- Test -->
